LSA con RandomTrees
alpha: 110
confusion_matrix:  [[2599 1001]
 [2656  944]]
confusion_matrix:  [[2509 1091]
 [2661  939]]
confusion_matrix:  [[2694  906]
 [2290 1310]]
confusion_matrix:  [[2430 1170]
 [1987 1613]]
confusion_matrix:  [[2390 1210]
 [2638  962]]
confusion_matrix:  [[2322 1278]
 [2770  830]]
confusion_matrix:  [[2542 1058]
 [2754  846]]
confusion_matrix:  [[2528 1072]
 [2664  936]]
confusion_matrix:  [[1965 1635]
 [2441 1159]]
confusion_matrix:  [[2686  914]
 [2685  915]]
tiempo de RandomTrees : 54.00044377
accuracy_score : 0.4877639 0.0407403189743
f1_score : 0.35949244 0.0631556667526
precision : 0.47808562 0.0612462820781
recall_score : 0.29038889 0.0650721656213
alpha: 330
confusion_matrix:  [[2837  763]
 [2408 1192]]
confusion_matrix:  [[2540 1060]
 [2360 1240]]
confusion_matrix:  [[2693  907]
 [2383 1217]]
confusion_matrix:  [[2931  669]
 [2673  927]]
confusion_matrix:  [[2678  922]
 [2461 1139]]
confusion_matrix:  [[2929  671]
 [2433 1167]]
confusion_matrix:  [[2761  839]
 [2365 1235]]
confusion_matrix:  [[2815  785]
 [2570 1030]]
confusion_matrix:  [[2797  803]
 [2480 1120]]
confusion_matrix:  [[2772  828]
 [2484 1116]]
tiempo de RandomTrees : 94.53050849
accuracy_score : 0.54355556 0.0131052807376
f1_score : 0.4087064 0.0235258592165
precision : 0.58096835 0.0260699046735
recall_score : 0.31619445 0.0258802048442
alpha: 551
confusion_matrix:  [[2578 1022]
 [2414 1186]]
confusion_matrix:  [[2651  949]
 [2350 1250]]
confusion_matrix:  [[2732  868]
 [2606  994]]
confusion_matrix:  [[2950  650]
 [2864  736]]
confusion_matrix:  [[2908  692]
 [2699  901]]
confusion_matrix:  [[2716  884]
 [2417 1183]]
confusion_matrix:  [[2638  962]
 [2403 1197]]
confusion_matrix:  [[2848  752]
 [2669  931]]
confusion_matrix:  [[2838  762]
 [2709  891]]
confusion_matrix:  [[2852  748]
 [2487 1113]]
tiempo de RandomTrees : 158.89039112
accuracy_score : 0.52906945 0.0118600151133
f1_score : 0.37782182 0.0421519650427
precision : 0.55530512 0.0201191413771
recall_score : 0.28838888 0.045111796318
alpha: 771
confusion_matrix:  [[2862  738]
 [2130 1470]]
confusion_matrix:  [[2866  734]
 [2463 1137]]
confusion_matrix:  [[2873  727]
 [2292 1308]]
confusion_matrix:  [[2661  939]
 [2745  855]]
confusion_matrix:  [[2888  712]
 [2275 1325]]
confusion_matrix:  [[2780  820]
 [2307 1293]]
confusion_matrix:  [[2777  823]
 [2258 1342]]
confusion_matrix:  [[2818  782]
 [2465 1135]]
confusion_matrix:  [[2759  841]
 [2286 1314]]
confusion_matrix:  [[2861  739]
 [2092 1508]]
tiempo de RandomTrees : 234.91351234
accuracy_score : 0.5671111 0.0315674038985
f1_score : 0.44753547 0.0535540512334
precision : 0.61479844 0.0524889595618
recall_score : 0.35241667 0.0494478858971
alpha: 991
confusion_matrix:  [[2791  809]
 [1744 1856]]
confusion_matrix:  [[2729  871]
 [1734 1866]]
confusion_matrix:  [[2805  795]
 [1629 1971]]
confusion_matrix:  [[2646  954]
 [1779 1821]]
confusion_matrix:  [[2793  807]
 [1843 1757]]
confusion_matrix:  [[2745  855]
 [1562 2038]]
confusion_matrix:  [[2739  861]
 [1920 1680]]
confusion_matrix:  [[2792  808]
 [1798 1802]]
confusion_matrix:  [[2820  780]
 [1934 1666]]
confusion_matrix:  [[2811  789]
 [1786 1814]]
tiempo de RandomTrees : 287.99780316
accuracy_score : 0.63808334 0.0160156144469
f1_score : 0.58332618 0.0246103465883
precision : 0.68662963 0.0168431996
recall_score : 0.50752779 0.0305402476695
LSA con DecisionTree
alpha: 110
confusion_matrix:  [[1863 1737]
 [2030 1570]]
confusion_matrix:  [[2097 1503]
 [2868  732]]
confusion_matrix:  [[2064 1536]
 [2161 1439]]
confusion_matrix:  [[2232 1368]
 [2320 1280]]
confusion_matrix:  [[2011 1589]
 [2679  921]]
confusion_matrix:  [[2222 1378]
 [2437 1163]]
confusion_matrix:  [[2146 1454]
 [2219 1381]]
confusion_matrix:  [[2052 1548]
 [2139 1461]]
confusion_matrix:  [[2002 1598]
 [2310 1290]]
confusion_matrix:  [[2026 1574]
 [2141 1459]]
tiempo de DecisionTree : 24.23477359
accuracy_score : 0.46404168 0.0335245404853
f1_score : 0.39421178 0.0638602590063
precision : 0.4494361 0.0533265739843
recall_score : 0.35266666 0.0695153250117
alpha: 330
confusion_matrix:  [[1948 1652]
 [2043 1557]]
confusion_matrix:  [[2280 1320]
 [2077 1523]]
confusion_matrix:  [[2407 1193]
 [2136 1464]]
confusion_matrix:  [[2487 1113]
 [2375 1225]]
confusion_matrix:  [[2636  964]
 [2215 1385]]
confusion_matrix:  [[2116 1484]
 [1748 1852]]
confusion_matrix:  [[2715  885]
 [2540 1060]]
confusion_matrix:  [[2576 1024]
 [1886 1714]]
confusion_matrix:  [[2427 1173]
 [1846 1754]]
confusion_matrix:  [[2688  912]
 [2301 1299]]
tiempo de DecisionTree : 61.94314871
accuracy_score : 0.54323611 0.0302338267105
f1_score : 0.47180335 0.0503365131312
precision : 0.55983745 0.0391739157914
recall_score : 0.41202777 0.0656961817017
alpha: 551
confusion_matrix:  [[2560 1040]
 [2028 1572]]
confusion_matrix:  [[2473 1127]
 [2480 1120]]
confusion_matrix:  [[2249 1351]
 [2257 1343]]
confusion_matrix:  [[2362 1238]
 [1954 1646]]
confusion_matrix:  [[2521 1079]
 [2028 1572]]
confusion_matrix:  [[2763  837]
 [2070 1530]]
confusion_matrix:  [[2356 1244]
 [2196 1404]]
confusion_matrix:  [[2479 1121]
 [1799 1801]]
confusion_matrix:  [[2518 1082]
 [2227 1373]]
confusion_matrix:  [[2788  812]
 [2224 1376]]
tiempo de DecisionTree : 105.57240325
accuracy_score : 0.55286111 0.0344464594823
f1_score : 0.47701509 0.0469804522117
precision : 0.57436238 0.0497319502654
recall_score : 0.40936112 0.0501570193468
alpha: 771
confusion_matrix:  [[2372 1228]
 [2376 1224]]
confusion_matrix:  [[2473 1127]
 [1800 1800]]
confusion_matrix:  [[2410 1190]
 [1788 1812]]
confusion_matrix:  [[2810  790]
 [2482 1118]]
confusion_matrix:  [[2610  990]
 [2540 1060]]
confusion_matrix:  [[2576 1024]
 [2015 1585]]
confusion_matrix:  [[2626  974]
 [2227 1373]]
confusion_matrix:  [[2828  772]
 [2266 1334]]
confusion_matrix:  [[2607  993]
 [2502 1098]]
confusion_matrix:  [[2382 1218]
 [1636 1964]]
tiempo de DecisionTree : 157.96151618
accuracy_score : 0.55641667 0.0356713644033
f1_score : 0.46910755 0.0713891728601
precision : 0.57890455 0.0450876154575
recall_score : 0.39911112 0.0874409714
alpha: 991
confusion_matrix:  [[2149 1451]
 [1801 1799]]
confusion_matrix:  [[2670  930]
 [1815 1785]]
confusion_matrix:  [[2443 1157]
 [1629 1971]]
confusion_matrix:  [[2418 1182]
 [1839 1761]]
confusion_matrix:  [[2517 1083]
 [1831 1769]]
confusion_matrix:  [[2390 1210]
 [1629 1971]]
confusion_matrix:  [[2466 1134]
 [1650 1950]]
confusion_matrix:  [[2510 1090]
 [1841 1759]]
confusion_matrix:  [[2391 1209]
 [2291 1309]]
confusion_matrix:  [[2512 1088]
 [2001 1599]]
tiempo de DecisionTree : 215.17455633
accuracy_score : 0.58526389 0.0315338634611
f1_score : 0.54100384 0.0449470432905
precision : 0.6044014 0.0384248558826
recall_score : 0.49091667 0.0524227922941
